#
# There is insufficient memory for the Java Runtime Environment to continue.
# Native memory allocation (mmap) failed to map 65536 bytes. Error detail: Failed to commit metaspace.
# Possible reasons:
#   The system is out of physical RAM or swap space
#   This process is running with CompressedOops enabled, and the Java Heap may be blocking the growth of the native heap
# Possible solutions:
#   Reduce memory load on the system
#   Increase physical memory or swap space
#   Check if swap backing store is full
#   Decrease Java heap size (-Xmx/-Xms)
#   Decrease number of Java threads
#   Decrease Java thread stack sizes (-Xss)
#   Set larger code cache with -XX:ReservedCodeCacheSize=
#   JVM is running with Unscaled Compressed Oops mode in which the Java heap is
#     placed in the first 4GB address space. The Java Heap base address is the
#     maximum limit for the native heap growth. Please use -XX:HeapBaseMinAddress
#     to set the Java Heap base and to place the Java Heap above 4GB virtual address.
# This output file may be truncated or incomplete.
#
#  Out of Memory Error (virtualSpaceNode.cpp:112), pid=8260, tid=9432
#
# JRE version: Java(TM) SE Runtime Environment (22.0.2+9) (build 22.0.2+9-70)
# Java VM: Java HotSpot(TM) 64-Bit Server VM (22.0.2+9-70, mixed mode, emulated-client, sharing, tiered, compressed oops, compressed class ptrs, g1 gc, windows-amd64)
# No core dump will be written. Minidumps are not enabled by default on client versions of Windows
#

---------------  S U M M A R Y ------------

Command Line: -XX:TieredStopAtLevel=1 -Dspring.output.ansi.enabled=always -Dcom.sun.management.jmxremote -Dspring.jmx.enabled=true -Dspring.liveBeansView.mbeanDomain -Dspring.application.admin.enabled=true -Dmanagement.endpoints.jmx.exposure.include=* -javaagent:C:\Program Files\JetBrains\IntelliJ IDEA 2024.2\lib\idea_rt.jar=64301:C:\Program Files\JetBrains\IntelliJ IDEA 2024.2\bin -Dfile.encoding=UTF-8 -Dsun.stdout.encoding=UTF-8 -Dsun.stderr.encoding=UTF-8 com.jn.bktravels.BkTravelsApplication

Host: Intel(R) Core(TM) i5-8265U CPU @ 1.60GHz, 8 cores, 7G,  Windows 11 , 64 bit Build 22621 (10.0.22621.3958)
Time: Mon Sep  2 22:18:33 2024 Nepal Standard Time elapsed time: 0.687121 seconds (0d 0h 0m 0s)

---------------  T H R E A D  ---------------

Current thread (0x000001651c49c880):  JavaThread "Attach Listener" daemon [_thread_in_vm, id=9432, stack(0x0000004210600000,0x0000004210700000) (1024K)]

Stack: [0x0000004210600000,0x0000004210700000]
Native frames: (J=compiled Java code, j=interpreted, Vv=VM code, C=native code)
V  [jvm.dll+0x6e26e9]  (no source info available)
V  [jvm.dll+0x875753]  (no source info available)
V  [jvm.dll+0x877b7e]  (no source info available)
V  [jvm.dll+0x878253]  (no source info available)
V  [jvm.dll+0x27fc86]  (no source info available)
V  [jvm.dll+0x87139e]  (no source info available)
V  [jvm.dll+0x685755]  (no source info available)
V  [jvm.dll+0x6857ba]  (no source info available)
V  [jvm.dll+0x687ffa]  (no source info available)
V  [jvm.dll+0x224f6c]  (no source info available)
V  [jvm.dll+0x68616e]  (no source info available)
V  [jvm.dll+0x269dbf]  (no source info available)
V  [jvm.dll+0x6903c4]  (no source info available)
V  [jvm.dll+0x2151c1]  (no source info available)
V  [jvm.dll+0x21564a]  (no source info available)
V  [jvm.dll+0x216071]  (no source info available)
V  [jvm.dll+0x20b3ae]  (no source info available)
V  [jvm.dll+0x5c4a8f]  (no source info available)
V  [jvm.dll+0x21cb2a]  (no source info available)
V  [jvm.dll+0x7ebe8c]  (no source info available)
V  [jvm.dll+0x7ecf26]  (no source info available)
V  [jvm.dll+0x7ed534]  (no source info available)
V  [jvm.dll+0x7ed1b8]  (no source info available)
V  [jvm.dll+0x26d6ab]  (no source info available)
V  [jvm.dll+0x3d9eae]  (no source info available)
C  0x0000016514218ed4  (no source info available)

The last pc belongs to new (printed below).
Java frames: (J=compiled Java code, j=interpreted, Vv=VM code)
j  sun.nio.fs.WindowsFileSystemProvider.newDirectoryStream(Ljava/nio/file/Path;Ljava/nio/file/DirectoryStream$Filter;)Ljava/nio/file/DirectoryStream;+21 java.base@22.0.2
j  java.nio.file.Files.newDirectoryStream(Ljava/nio/file/Path;Ljava/lang/String;)Ljava/nio/file/DirectoryStream;+62 java.base@22.0.2
j  jdk.jfr.internal.SecuritySupport.lambda$getPredefinedJFCFiles$1()Ljava/nio/file/DirectoryStream;+9 jdk.jfr@22.0.2
j  jdk.jfr.internal.SecuritySupport$$Lambda+0x000001651e030f98.call()Ljava/lang/Object;+0 jdk.jfr@22.0.2
j  jdk.jfr.internal.SecuritySupport$1.run()Ljava/lang/Object;+4 jdk.jfr@22.0.2
j  java.security.AccessController.executePrivileged(Ljava/security/PrivilegedExceptionAction;Ljava/security/AccessControlContext;Ljava/lang/Class;)Ljava/lang/Object;+29 java.base@22.0.2
j  java.security.AccessController.doPrivileged(Ljava/security/PrivilegedExceptionAction;Ljava/security/AccessControlContext;)Ljava/lang/Object;+13 java.base@22.0.2
j  jdk.jfr.internal.SecuritySupport.doPrivilegedIOWithReturn(Ljava/util/concurrent/Callable;)Ljava/lang/Object;+9 jdk.jfr@22.0.2
j  jdk.jfr.internal.SecuritySupport.getPredefinedJFCFiles()Ljava/util/List;+13 jdk.jfr@22.0.2
j  jdk.jfr.internal.dcmd.DCmdStart.jfcOptions()Ljava/lang/String;+8 jdk.jfr@22.0.2
j  jdk.jfr.internal.dcmd.DCmdStart.printHelp()[Ljava/lang/String;+9 jdk.jfr@22.0.2
v  ~StubRoutines::call_stub 0x000001651420100d
j  com.sun.management.internal.DiagnosticCommandImpl.executeDiagnosticCommand(Ljava/lang/String;)Ljava/lang/String;+0 jdk.management@22.0.2
j  com.sun.management.internal.DiagnosticCommandImpl.commandDescriptor(Lcom/sun/management/internal/DiagnosticCommandImpl$Wrapper;)Ljavax/management/Descriptor;+153 jdk.management@22.0.2
j  com.sun.management.internal.DiagnosticCommandImpl.getMBeanInfo()Ljavax/management/MBeanInfo;+181 jdk.management@22.0.2
j  com.sun.jmx.interceptor.DefaultMBeanServerInterceptor.getNewMBeanClassName(Ljava/lang/Object;)Ljava/lang/String;+13 java.management@22.0.2
j  com.sun.jmx.interceptor.DefaultMBeanServerInterceptor.registerMBean(Ljava/lang/Object;Ljavax/management/ObjectName;)Ljavax/management/ObjectInstance;+10 java.management@22.0.2
j  com.sun.jmx.mbeanserver.JmxMBeanServer.registerMBean(Ljava/lang/Object;Ljavax/management/ObjectName;)Ljavax/management/ObjectInstance;+10 java.management@22.0.2
j  java.lang.management.ManagementFactory.lambda$addMXBean$7(Ljava/lang/Object;Ljavax/management/MBeanServer;Ljavax/management/ObjectName;)Ljava/lang/Void;+60 java.management@22.0.2
j  java.lang.management.ManagementFactory$$Lambda+0x000001651e06bec8.run()Ljava/lang/Object;+12 java.management@22.0.2
j  java.security.AccessController.executePrivileged(Ljava/security/PrivilegedExceptionAction;Ljava/security/AccessControlContext;Ljava/lang/Class;)Ljava/lang/Object;+29 java.base@22.0.2
j  java.security.AccessController.doPrivileged(Ljava/security/PrivilegedExceptionAction;)Ljava/lang/Object;+9 java.base@22.0.2
j  java.lang.management.ManagementFactory.addMXBean(Ljavax/management/MBeanServer;Ljava/lang/String;Ljava/lang/Object;)V+13 java.management@22.0.2
j  java.lang.management.ManagementFactory.lambda$getPlatformMBeanServer$1(Ljava/util/Map$Entry;)V+18 java.management@22.0.2
j  java.lang.management.ManagementFactory$$Lambda+0x000001651e06b4c0.accept(Ljava/lang/Object;)V+4 java.management@22.0.2
j  java.util.stream.ForEachOps$ForEachOp$OfRef.accept(Ljava/lang/Object;)V+5 java.base@22.0.2
j  java.util.Collections$2.tryAdvance(Ljava/util/function/Consumer;)Z+29 java.base@22.0.2
j  java.util.Collections$2.forEachRemaining(Ljava/util/function/Consumer;)V+2 java.base@22.0.2
j  java.util.stream.ReferencePipeline$Head.forEach(Ljava/util/function/Consumer;)V+12 java.base@22.0.2
j  java.util.stream.ReferencePipeline$7$1.accept(Ljava/lang/Object;)V+41 java.base@22.0.2
j  java.util.stream.ReferencePipeline$2$1.accept(Ljava/lang/Object;)V+21 java.base@22.0.2
j  java.util.HashMap$ValueSpliterator.forEachRemaining(Ljava/util/function/Consumer;)V+145 java.base@22.0.2
j  java.util.stream.AbstractPipeline.copyInto(Ljava/util/stream/Sink;Ljava/util/Spliterator;)V+32 java.base@22.0.2
j  java.util.stream.AbstractPipeline.wrapAndCopyInto(Ljava/util/stream/Sink;Ljava/util/Spliterator;)Ljava/util/stream/Sink;+13 java.base@22.0.2
j  java.util.stream.ForEachOps$ForEachOp.evaluateSequential(Ljava/util/stream/PipelineHelper;Ljava/util/Spliterator;)Ljava/lang/Void;+3 java.base@22.0.2
j  java.util.stream.ForEachOps$ForEachOp$OfRef.evaluateSequential(Ljava/util/stream/PipelineHelper;Ljava/util/Spliterator;)Ljava/lang/Object;+3 java.base@22.0.2
j  java.util.stream.AbstractPipeline.evaluate(Ljava/util/stream/TerminalOp;)Ljava/lang/Object;+88 java.base@22.0.2
j  java.util.stream.ReferencePipeline.forEach(Ljava/util/function/Consumer;)V+6 java.base@22.0.2
j  java.lang.management.ManagementFactory.getPlatformMBeanServer()Ljavax/management/MBeanServer;+68 java.management@22.0.2
j  sun.management.jmxremote.ConnectorBootstrap.startLocalConnectorServer()Ljavax/management/remote/JMXConnectorServer;+88 jdk.management.agent@22.0.2
j  jdk.internal.agent.Agent.startLocalManagementAgent()V+13 jdk.management.agent@22.0.2
v  ~StubRoutines::call_stub 0x000001651420100d
new  187 new  [0x0000016514218d40, 0x0000016514218f48]  520 bytes
[MachCode]
  0x0000016514218d40: 4883 ec08 | c5fa 1104 | 24eb 1f48 | 83ec 10c5 | fb11 0424 | eb14 4883 | ec10 4889 | 0424 48c7 
  0x0000016514218d60: 4424 0800 | 0000 00eb | 0150 410f | b755 010f | cac1 ea10 | 488b 4de8 | 488b 4908 | 488b 4908 
  0x0000016514218d80: 488b 4108 | 807c 1004 | 070f 85d3 | 0000 0066 | 8b54 d148 | 488b 4928 | 488b 4cd1 | 0851 80b9 
  0x0000016514218da0: 2001 0000 | 050f 85b6 | 0000 008b | 5108 f6c2 | 010f 85aa | 0000 0049 | 8b87 b801 | 0000 488d 
  0x0000016514218dc0: 1c10 493b | 9fc8 0100 | 000f 8792 | 0000 0049 | 899f b801 | 0000 4883 | ea10 0f84 | 0f00 0000 
  0x0000016514218de0: 33c9 c1ea | 0348 894c | d008 48ff | ca75 f648 | c700 0100 | 0000 5933 | f689 700c | 49ba 0000 
  0x0000016514218e00: 001d 6501 | 0000 492b | ca89 4808 | 49ba 6d40 | 3304 f97f | 0000 4180 | 3a00 0f84 | 3c00 0000 
  0x0000016514218e20: 5048 8bc8 | 4883 ec20 | 40f6 c40f | 0f84 1900 | 0000 4883 | ec08 48b8 | c0b9 e303 | f97f 0000 
  0x0000016514218e40: ffd0 4883 | c408 e90c | 0000 0048 | b8c0 b9e3 | 03f9 7f00 | 00ff d048 | 83c4 2058 | e9cb 0000 
  0x0000016514218e60: 0059 488b | 55e8 488b | 5208 488b | 5208 450f | b745 0141 | 0fc8 41c1 | e810 e805 | 0000 00e9 
  0x0000016514218e80: a800 0000 | 488d 4424 | 084c 896d | c049 8bcf | c5f8 7749 | 89af b003 | 0000 4989 | 87a0 0300 
  0x0000016514218ea0: 0048 83ec | 2040 f6c4 | 0f0f 8419 | 0000 0048 | 83ec 0848 | b860 9eac | 03f9 7f00 | 00ff d048 
  0x0000016514218ec0: 83c4 08e9 | 0c00 0000 | 48b8 609e | ac03 f97f | 0000 ffd0 | 4883 c420 | 49c7 87a0 | 0300 0000 
  0x0000016514218ee0: 0000 0049 | c787 b003 | 0000 0000 | 0000 49c7 | 87a8 0300 | 0000 0000 | 00c5 f877 | 4983 7f08 
  0x0000016514218f00: 000f 8405 | 0000 00e9 | f47f feff | 498b 87f8 | 0300 0049 | c787 f803 | 0000 0000 | 0000 4c8b 
  0x0000016514218f20: 6dc0 4c8b | 75c8 4e8d | 74f5 00c3 | 410f b65d | 0349 83c5 | 0349 ba30 | 0937 04f9 | 7f00 0041 
  0x0000016514218f40: ff24 da0f | 1f44 0000 
[/MachCode]

---------------  P R O C E S S  ---------------

Threads class SMR info:
_java_thread_list=0x000001651c716720, length=14, elements={
0x0000016509cccff0, 0x000001651c48f940, 0x000001651c490860, 0x000001651c49bcc0,
0x000001651c49c880, 0x000001651c4a0fb0, 0x000001651c4aa230, 0x000001651c4b16b0,
0x000001651c4ab5e0, 0x000001651c6636d0, 0x000001651c844c20, 0x000001651c850740,
0x000001651c4abc70, 0x000001651c4ac300
}

Java Threads: ( => current thread )
  0x0000016509cccff0 JavaThread "main"                              [_thread_blocked, id=3164, stack(0x000000420fb00000,0x000000420fc00000) (1024K)]
  0x000001651c48f940 JavaThread "Reference Handler"          daemon [_thread_blocked, id=288, stack(0x0000004210300000,0x0000004210400000) (1024K)]
  0x000001651c490860 JavaThread "Finalizer"                  daemon [_thread_blocked, id=15148, stack(0x0000004210400000,0x0000004210500000) (1024K)]
  0x000001651c49bcc0 JavaThread "Signal Dispatcher"          daemon [_thread_blocked, id=12736, stack(0x0000004210500000,0x0000004210600000) (1024K)]
=>0x000001651c49c880 JavaThread "Attach Listener"            daemon [_thread_in_vm, id=9432, stack(0x0000004210600000,0x0000004210700000) (1024K)]
  0x000001651c4a0fb0 JavaThread "Service Thread"             daemon [_thread_blocked, id=10156, stack(0x0000004210700000,0x0000004210800000) (1024K)]
  0x000001651c4aa230 JavaThread "Monitor Deflation Thread"   daemon [_thread_blocked, id=4784, stack(0x0000004210800000,0x0000004210900000) (1024K)]
  0x000001651c4b16b0 JavaThread "C1 CompilerThread0"         daemon [_thread_blocked, id=16984, stack(0x0000004210900000,0x0000004210a00000) (1024K)]
  0x000001651c4ab5e0 JavaThread "Common-Cleaner"             daemon [_thread_blocked, id=17648, stack(0x0000004210a00000,0x0000004210b00000) (1024K)]
  0x000001651c6636d0 JavaThread "C1 CompilerThread1"         daemon [_thread_blocked, id=16752, stack(0x0000004210b00000,0x0000004210c00000) (1024K)]
  0x000001651c844c20 JavaThread "C1 CompilerThread2"         daemon [_thread_blocked, id=14824, stack(0x0000004210c00000,0x0000004210d00000) (1024K)]
  0x000001651c850740 JavaThread "C1 CompilerThread3"         daemon [_thread_blocked, id=4752, stack(0x0000004210d00000,0x0000004210e00000) (1024K)]
  0x000001651c4abc70 JavaThread "Monitor Ctrl-Break"         daemon [_thread_in_native, id=4028, stack(0x0000004210e00000,0x0000004210f00000) (1024K)]
  0x000001651c4ac300 JavaThread "Notification Thread"        daemon [_thread_blocked, id=1524, stack(0x0000004210f00000,0x0000004211000000) (1024K)]
Total: 14

Other Threads:
  0x000001651c4754f0 VMThread "VM Thread"                           [id=12716, stack(0x0000004210200000,0x0000004210300000) (1024K)] _threads_hazard_ptr=0x000001651c716720
  0x000001651c45edf0 WatcherThread "VM Periodic Task Thread"        [id=18304, stack(0x0000004210100000,0x0000004210200000) (1024K)]
  0x000001650bf0f450 WorkerThread "GC Thread#0"                     [id=7024, stack(0x000000420fc00000,0x000000420fd00000) (1024K)]
  0x000001650bf22190 ConcurrentGCThread "G1 Main Marker"            [id=23104, stack(0x000000420fd00000,0x000000420fe00000) (1024K)]
  0x000001650bf22ca0 WorkerThread "G1 Conc#0"                       [id=15556, stack(0x000000420fe00000,0x000000420ff00000) (1024K)]
  0x000001651c333970 ConcurrentGCThread "G1 Refine#0"               [id=14572, stack(0x000000420ff00000,0x0000004210000000) (1024K)]
  0x000001651c3341a0 ConcurrentGCThread "G1 Service"                [id=11656, stack(0x0000004210000000,0x0000004210100000) (1024K)]
Total: 7

Threads with active compile tasks:
Total: 0

VM state: synchronizing (normal execution)

VM Mutex/Monitor currently owned by a thread:  ([mutex/lock_event])
[0x00007ff90435ab00] Metaspace_lock - owner thread: 0x000001651c49c880
[0x00007ff90435cb80] Threads_lock - owner thread: 0x000001651c4754f0

Heap address: 0x0000000082400000, size: 2012 MB, Compressed Oops mode: 32-bit

CDS archive(s) mapped at: [0x000001651d000000-0x000001651dc60000-0x000001651dc60000), size 12976128, SharedBaseAddress: 0x000001651d000000, ArchiveRelocationMode: 1.
Compressed class space mapped at: 0x000001651e000000-0x000001655e000000, reserved size: 1073741824
Narrow klass base: 0x000001651d000000, Narrow klass shift: 0, Narrow klass range: 0x41000000

GC Precious Log:
 CardTable entry size: 512
 Card Set container configuration: InlinePtr #cards 5 size 8 Array Of Cards #cards 12 size 40 Howl #buckets 4 coarsen threshold 1843 Howl Bitmap #cards 512 size 80 coarsen threshold 460 Card regions per heap region 1 cards per card region 2048
 CPUs: 8 total, 8 available
 Memory: 8043M
 Large Page Support: Disabled
 NUMA Support: Disabled
 Compressed Oops: Enabled (32-bit)
 Heap Region Size: 1M
 Heap Min Capacity: 8M
 Heap Initial Capacity: 126M
 Heap Max Capacity: 2012M
 Pre-touch: Disabled
 Parallel Workers: 8
 Concurrent Workers: 2
 Concurrent Refinement Workers: 8
 Periodic GC: Disabled

Heap:
 garbage-first heap   total reserved 2060288K, committed 129024K, used 11264K [0x0000000082400000, 0x0000000100000000)
  region size 1024K, 11 young (11264K), 0 survivors (0K)
 Metaspace       used 3048K, committed 3200K, reserved 1114112K
  class space    used 352K, committed 448K, reserved 1048576K

Heap Regions: E=young(eden), S=young(survivor), O=old, HS=humongous(starts), HC=humongous(continues), CS=collection set, F=free, TAMS=top-at-mark-start, PB=parsable bottom
|   0|0x0000000082400000, 0x0000000082500000, 0x0000000082500000|100%|HS|  |TAMS 0x0000000082400000| PB 0x0000000082400000| Complete |  0
|   1|0x0000000082500000, 0x0000000082500000, 0x0000000082600000|  0%| F|  |TAMS 0x0000000082500000| PB 0x0000000082500000| Untracked |  0
|   2|0x0000000082600000, 0x0000000082600000, 0x0000000082700000|  0%| F|  |TAMS 0x0000000082600000| PB 0x0000000082600000| Untracked |  0
|   3|0x0000000082700000, 0x0000000082700000, 0x0000000082800000|  0%| F|  |TAMS 0x0000000082700000| PB 0x0000000082700000| Untracked |  0
|   4|0x0000000082800000, 0x0000000082800000, 0x0000000082900000|  0%| F|  |TAMS 0x0000000082800000| PB 0x0000000082800000| Untracked |  0
|   5|0x0000000082900000, 0x0000000082900000, 0x0000000082a00000|  0%| F|  |TAMS 0x0000000082900000| PB 0x0000000082900000| Untracked |  0
|   6|0x0000000082a00000, 0x0000000082a00000, 0x0000000082b00000|  0%| F|  |TAMS 0x0000000082a00000| PB 0x0000000082a00000| Untracked |  0
|   7|0x0000000082b00000, 0x0000000082b00000, 0x0000000082c00000|  0%| F|  |TAMS 0x0000000082b00000| PB 0x0000000082b00000| Untracked |  0
|   8|0x0000000082c00000, 0x0000000082c00000, 0x0000000082d00000|  0%| F|  |TAMS 0x0000000082c00000| PB 0x0000000082c00000| Untracked |  0
|   9|0x0000000082d00000, 0x0000000082d00000, 0x0000000082e00000|  0%| F|  |TAMS 0x0000000082d00000| PB 0x0000000082d00000| Untracked |  0
|  10|0x0000000082e00000, 0x0000000082e00000, 0x0000000082f00000|  0%| F|  |TAMS 0x0000000082e00000| PB 0x0000000082e00000| Untracked |  0
|  11|0x0000000082f00000, 0x0000000082f00000, 0x0000000083000000|  0%| F|  |TAMS 0x0000000082f00000| PB 0x0000000082f00000| Untracked |  0
|  12|0x0000000083000000, 0x0000000083000000, 0x0000000083100000|  0%| F|  |TAMS 0x0000000083000000| PB 0x0000000083000000| Untracked |  0
|  13|0x0000000083100000, 0x0000000083100000, 0x0000000083200000|  0%| F|  |TAMS 0x0000000083100000| PB 0x0000000083100000| Untracked |  0
|  14|0x0000000083200000, 0x0000000083200000, 0x0000000083300000|  0%| F|  |TAMS 0x0000000083200000| PB 0x0000000083200000| Untracked |  0
|  15|0x0000000083300000, 0x0000000083300000, 0x0000000083400000|  0%| F|  |TAMS 0x0000000083300000| PB 0x0000000083300000| Untracked |  0
|  16|0x0000000083400000, 0x0000000083400000, 0x0000000083500000|  0%| F|  |TAMS 0x0000000083400000| PB 0x0000000083400000| Untracked |  0
|  17|0x0000000083500000, 0x0000000083500000, 0x0000000083600000|  0%| F|  |TAMS 0x0000000083500000| PB 0x0000000083500000| Untracked |  0
|  18|0x0000000083600000, 0x0000000083600000, 0x0000000083700000|  0%| F|  |TAMS 0x0000000083600000| PB 0x0000000083600000| Untracked |  0
|  19|0x0000000083700000, 0x0000000083700000, 0x0000000083800000|  0%| F|  |TAMS 0x0000000083700000| PB 0x0000000083700000| Untracked |  0
|  20|0x0000000083800000, 0x0000000083800000, 0x0000000083900000|  0%| F|  |TAMS 0x0000000083800000| PB 0x0000000083800000| Untracked |  0
|  21|0x0000000083900000, 0x0000000083900000, 0x0000000083a00000|  0%| F|  |TAMS 0x0000000083900000| PB 0x0000000083900000| Untracked |  0
|  22|0x0000000083a00000, 0x0000000083a00000, 0x0000000083b00000|  0%| F|  |TAMS 0x0000000083a00000| PB 0x0000000083a00000| Untracked |  0
|  23|0x0000000083b00000, 0x0000000083b00000, 0x0000000083c00000|  0%| F|  |TAMS 0x0000000083b00000| PB 0x0000000083b00000| Untracked |  0
|  24|0x0000000083c00000, 0x0000000083c00000, 0x0000000083d00000|  0%| F|  |TAMS 0x0000000083c00000| PB 0x0000000083c00000| Untracked |  0
|  25|0x0000000083d00000, 0x0000000083d00000, 0x0000000083e00000|  0%| F|  |TAMS 0x0000000083d00000| PB 0x0000000083d00000| Untracked |  0
|  26|0x0000000083e00000, 0x0000000083e00000, 0x0000000083f00000|  0%| F|  |TAMS 0x0000000083e00000| PB 0x0000000083e00000| Untracked |  0
|  27|0x0000000083f00000, 0x0000000083f00000, 0x0000000084000000|  0%| F|  |TAMS 0x0000000083f00000| PB 0x0000000083f00000| Untracked |  0
|  28|0x0000000084000000, 0x0000000084000000, 0x0000000084100000|  0%| F|  |TAMS 0x0000000084000000| PB 0x0000000084000000| Untracked |  0
|  29|0x0000000084100000, 0x0000000084100000, 0x0000000084200000|  0%| F|  |TAMS 0x0000000084100000| PB 0x0000000084100000| Untracked |  0
|  30|0x0000000084200000, 0x0000000084200000, 0x0000000084300000|  0%| F|  |TAMS 0x0000000084200000| PB 0x0000000084200000| Untracked |  0
|  31|0x0000000084300000, 0x0000000084300000, 0x0000000084400000|  0%| F|  |TAMS 0x0000000084300000| PB 0x0000000084300000| Untracked |  0
|  32|0x0000000084400000, 0x0000000084400000, 0x0000000084500000|  0%| F|  |TAMS 0x0000000084400000| PB 0x0000000084400000| Untracked |  0
|  33|0x0000000084500000, 0x0000000084500000, 0x0000000084600000|  0%| F|  |TAMS 0x0000000084500000| PB 0x0000000084500000| Untracked |  0
|  34|0x0000000084600000, 0x0000000084600000, 0x0000000084700000|  0%| F|  |TAMS 0x0000000084600000| PB 0x0000000084600000| Untracked |  0
|  35|0x0000000084700000, 0x0000000084700000, 0x0000000084800000|  0%| F|  |TAMS 0x0000000084700000| PB 0x0000000084700000| Untracked |  0
|  36|0x0000000084800000, 0x0000000084800000, 0x0000000084900000|  0%| F|  |TAMS 0x0000000084800000| PB 0x0000000084800000| Untracked |  0
|  37|0x0000000084900000, 0x0000000084900000, 0x0000000084a00000|  0%| F|  |TAMS 0x0000000084900000| PB 0x0000000084900000| Untracked |  0
|  38|0x0000000084a00000, 0x0000000084a00000, 0x0000000084b00000|  0%| F|  |TAMS 0x0000000084a00000| PB 0x0000000084a00000| Untracked |  0
|  39|0x0000000084b00000, 0x0000000084b00000, 0x0000000084c00000|  0%| F|  |TAMS 0x0000000084b00000| PB 0x0000000084b00000| Untracked |  0
|  40|0x0000000084c00000, 0x0000000084c00000, 0x0000000084d00000|  0%| F|  |TAMS 0x0000000084c00000| PB 0x0000000084c00000| Untracked |  0
|  41|0x0000000084d00000, 0x0000000084d00000, 0x0000000084e00000|  0%| F|  |TAMS 0x0000000084d00000| PB 0x0000000084d00000| Untracked |  0
|  42|0x0000000084e00000, 0x0000000084e00000, 0x0000000084f00000|  0%| F|  |TAMS 0x0000000084e00000| PB 0x0000000084e00000| Untracked |  0
|  43|0x0000000084f00000, 0x0000000084f00000, 0x0000000085000000|  0%| F|  |TAMS 0x0000000084f00000| PB 0x0000000084f00000| Untracked |  0
|  44|0x0000000085000000, 0x0000000085000000, 0x0000000085100000|  0%| F|  |TAMS 0x0000000085000000| PB 0x0000000085000000| Untracked |  0
|  45|0x0000000085100000, 0x0000000085100000, 0x0000000085200000|  0%| F|  |TAMS 0x0000000085100000| PB 0x0000000085100000| Untracked |  0
|  46|0x0000000085200000, 0x0000000085200000, 0x0000000085300000|  0%| F|  |TAMS 0x0000000085200000| PB 0x0000000085200000| Untracked |  0
|  47|0x0000000085300000, 0x0000000085300000, 0x0000000085400000|  0%| F|  |TAMS 0x0000000085300000| PB 0x0000000085300000| Untracked |  0
|  48|0x0000000085400000, 0x0000000085400000, 0x0000000085500000|  0%| F|  |TAMS 0x0000000085400000| PB 0x0000000085400000| Untracked |  0
|  49|0x0000000085500000, 0x0000000085500000, 0x0000000085600000|  0%| F|  |TAMS 0x0000000085500000| PB 0x0000000085500000| Untracked |  0
|  50|0x0000000085600000, 0x0000000085600000, 0x0000000085700000|  0%| F|  |TAMS 0x0000000085600000| PB 0x0000000085600000| Untracked |  0
|  51|0x0000000085700000, 0x0000000085700000, 0x0000000085800000|  0%| F|  |TAMS 0x0000000085700000| PB 0x0000000085700000| Untracked |  0
|  52|0x0000000085800000, 0x0000000085800000, 0x0000000085900000|  0%| F|  |TAMS 0x0000000085800000| PB 0x0000000085800000| Untracked |  0
|  53|0x0000000085900000, 0x0000000085900000, 0x0000000085a00000|  0%| F|  |TAMS 0x0000000085900000| PB 0x0000000085900000| Untracked |  0
|  54|0x0000000085a00000, 0x0000000085a00000, 0x0000000085b00000|  0%| F|  |TAMS 0x0000000085a00000| PB 0x0000000085a00000| Untracked |  0
|  55|0x0000000085b00000, 0x0000000085b00000, 0x0000000085c00000|  0%| F|  |TAMS 0x0000000085b00000| PB 0x0000000085b00000| Untracked |  0
|  56|0x0000000085c00000, 0x0000000085c00000, 0x0000000085d00000|  0%| F|  |TAMS 0x0000000085c00000| PB 0x0000000085c00000| Untracked |  0
|  57|0x0000000085d00000, 0x0000000085d00000, 0x0000000085e00000|  0%| F|  |TAMS 0x0000000085d00000| PB 0x0000000085d00000| Untracked |  0
|  58|0x0000000085e00000, 0x0000000085e00000, 0x0000000085f00000|  0%| F|  |TAMS 0x0000000085e00000| PB 0x0000000085e00000| Untracked |  0
|  59|0x0000000085f00000, 0x0000000085f00000, 0x0000000086000000|  0%| F|  |TAMS 0x0000000085f00000| PB 0x0000000085f00000| Untracked |  0
|  60|0x0000000086000000, 0x0000000086000000, 0x0000000086100000|  0%| F|  |TAMS 0x0000000086000000| PB 0x0000000086000000| Untracked |  0
|  61|0x0000000086100000, 0x0000000086100000, 0x0000000086200000|  0%| F|  |TAMS 0x0000000086100000| PB 0x0000000086100000| Untracked |  0
|  62|0x0000000086200000, 0x0000000086200000, 0x0000000086300000|  0%| F|  |TAMS 0x0000000086200000| PB 0x0000000086200000| Untracked |  0
|  63|0x0000000086300000, 0x0000000086300000, 0x0000000086400000|  0%| F|  |TAMS 0x0000000086300000| PB 0x0000000086300000| Untracked |  0
|  64|0x0000000086400000, 0x0000000086400000, 0x0000000086500000|  0%| F|  |TAMS 0x0000000086400000| PB 0x0000000086400000| Untracked |  0
|  65|0x0000000086500000, 0x0000000086500000, 0x0000000086600000|  0%| F|  |TAMS 0x0000000086500000| PB 0x0000000086500000| Untracked |  0
|  66|0x0000000086600000, 0x0000000086600000, 0x0000000086700000|  0%| F|  |TAMS 0x0000000086600000| PB 0x0000000086600000| Untracked |  0
|  67|0x0000000086700000, 0x0000000086700000, 0x0000000086800000|  0%| F|  |TAMS 0x0000000086700000| PB 0x0000000086700000| Untracked |  0
|  68|0x0000000086800000, 0x0000000086800000, 0x0000000086900000|  0%| F|  |TAMS 0x0000000086800000| PB 0x0000000086800000| Untracked |  0
|  69|0x0000000086900000, 0x0000000086900000, 0x0000000086a00000|  0%| F|  |TAMS 0x0000000086900000| PB 0x0000000086900000| Untracked |  0
|  70|0x0000000086a00000, 0x0000000086a00000, 0x0000000086b00000|  0%| F|  |TAMS 0x0000000086a00000| PB 0x0000000086a00000| Untracked |  0
|  71|0x0000000086b00000, 0x0000000086b00000, 0x0000000086c00000|  0%| F|  |TAMS 0x0000000086b00000| PB 0x0000000086b00000| Untracked |  0
|  72|0x0000000086c00000, 0x0000000086c00000, 0x0000000086d00000|  0%| F|  |TAMS 0x0000000086c00000| PB 0x0000000086c00000| Untracked |  0
|  73|0x0000000086d00000, 0x0000000086d00000, 0x0000000086e00000|  0%| F|  |TAMS 0x0000000086d00000| PB 0x0000000086d00000| Untracked |  0
|  74|0x0000000086e00000, 0x0000000086e00000, 0x0000000086f00000|  0%| F|  |TAMS 0x0000000086e00000| PB 0x0000000086e00000| Untracked |  0
|  75|0x0000000086f00000, 0x0000000086f00000, 0x0000000087000000|  0%| F|  |TAMS 0x0000000086f00000| PB 0x0000000086f00000| Untracked |  0
|  76|0x0000000087000000, 0x0000000087000000, 0x0000000087100000|  0%| F|  |TAMS 0x0000000087000000| PB 0x0000000087000000| Untracked |  0
|  77|0x0000000087100000, 0x0000000087100000, 0x0000000087200000|  0%| F|  |TAMS 0x0000000087100000| PB 0x0000000087100000| Untracked |  0
|  78|0x0000000087200000, 0x0000000087200000, 0x0000000087300000|  0%| F|  |TAMS 0x0000000087200000| PB 0x0000000087200000| Untracked |  0
|  79|0x0000000087300000, 0x0000000087300000, 0x0000000087400000|  0%| F|  |TAMS 0x0000000087300000| PB 0x0000000087300000| Untracked |  0
|  80|0x0000000087400000, 0x0000000087400000, 0x0000000087500000|  0%| F|  |TAMS 0x0000000087400000| PB 0x0000000087400000| Untracked |  0
|  81|0x0000000087500000, 0x0000000087500000, 0x0000000087600000|  0%| F|  |TAMS 0x0000000087500000| PB 0x0000000087500000| Untracked |  0
|  82|0x0000000087600000, 0x0000000087600000, 0x0000000087700000|  0%| F|  |TAMS 0x0000000087600000| PB 0x0000000087600000| Untracked |  0
|  83|0x0000000087700000, 0x0000000087700000, 0x0000000087800000|  0%| F|  |TAMS 0x0000000087700000| PB 0x0000000087700000| Untracked |  0
|  84|0x0000000087800000, 0x0000000087800000, 0x0000000087900000|  0%| F|  |TAMS 0x0000000087800000| PB 0x0000000087800000| Untracked |  0
|  85|0x0000000087900000, 0x0000000087900000, 0x0000000087a00000|  0%| F|  |TAMS 0x0000000087900000| PB 0x0000000087900000| Untracked |  0
|  86|0x0000000087a00000, 0x0000000087a00000, 0x0000000087b00000|  0%| F|  |TAMS 0x0000000087a00000| PB 0x0000000087a00000| Untracked |  0
|  87|0x0000000087b00000, 0x0000000087b00000, 0x0000000087c00000|  0%| F|  |TAMS 0x0000000087b00000| PB 0x0000000087b00000| Untracked |  0
|  88|0x0000000087c00000, 0x0000000087c00000, 0x0000000087d00000|  0%| F|  |TAMS 0x0000000087c00000| PB 0x0000000087c00000| Untracked |  0
|  89|0x0000000087d00000, 0x0000000087d00000, 0x0000000087e00000|  0%| F|  |TAMS 0x0000000087d00000| PB 0x0000000087d00000| Untracked |  0
|  90|0x0000000087e00000, 0x0000000087e00000, 0x0000000087f00000|  0%| F|  |TAMS 0x0000000087e00000| PB 0x0000000087e00000| Untracked |  0
|  91|0x0000000087f00000, 0x0000000087f00000, 0x0000000088000000|  0%| F|  |TAMS 0x0000000087f00000| PB 0x0000000087f00000| Untracked |  0
|  92|0x0000000088000000, 0x0000000088000000, 0x0000000088100000|  0%| F|  |TAMS 0x0000000088000000| PB 0x0000000088000000| Untracked |  0
|  93|0x0000000088100000, 0x0000000088100000, 0x0000000088200000|  0%| F|  |TAMS 0x0000000088100000| PB 0x0000000088100000| Untracked |  0
|  94|0x0000000088200000, 0x0000000088200000, 0x0000000088300000|  0%| F|  |TAMS 0x0000000088200000| PB 0x0000000088200000| Untracked |  0
|  95|0x0000000088300000, 0x0000000088300000, 0x0000000088400000|  0%| F|  |TAMS 0x0000000088300000| PB 0x0000000088300000| Untracked |  0
|  96|0x0000000088400000, 0x0000000088400000, 0x0000000088500000|  0%| F|  |TAMS 0x0000000088400000| PB 0x0000000088400000| Untracked |  0
|  97|0x0000000088500000, 0x0000000088500000, 0x0000000088600000|  0%| F|  |TAMS 0x0000000088500000| PB 0x0000000088500000| Untracked |  0
|  98|0x0000000088600000, 0x0000000088600000, 0x0000000088700000|  0%| F|  |TAMS 0x0000000088600000| PB 0x0000000088600000| Untracked |  0
|  99|0x0000000088700000, 0x0000000088700000, 0x0000000088800000|  0%| F|  |TAMS 0x0000000088700000| PB 0x0000000088700000| Untracked |  0
| 100|0x0000000088800000, 0x0000000088800000, 0x0000000088900000|  0%| F|  |TAMS 0x0000000088800000| PB 0x0000000088800000| Untracked |  0
| 101|0x0000000088900000, 0x0000000088900000, 0x0000000088a00000|  0%| F|  |TAMS 0x0000000088900000| PB 0x0000000088900000| Untracked |  0
| 102|0x0000000088a00000, 0x0000000088a00000, 0x0000000088b00000|  0%| F|  |TAMS 0x0000000088a00000| PB 0x0000000088a00000| Untracked |  0
| 103|0x0000000088b00000, 0x0000000088b00000, 0x0000000088c00000|  0%| F|  |TAMS 0x0000000088b00000| PB 0x0000000088b00000| Untracked |  0
| 104|0x0000000088c00000, 0x0000000088c00000, 0x0000000088d00000|  0%| F|  |TAMS 0x0000000088c00000| PB 0x0000000088c00000| Untracked |  0
| 105|0x0000000088d00000, 0x0000000088d00000, 0x0000000088e00000|  0%| F|  |TAMS 0x0000000088d00000| PB 0x0000000088d00000| Untracked |  0
| 106|0x0000000088e00000, 0x0000000088e00000, 0x0000000088f00000|  0%| F|  |TAMS 0x0000000088e00000| PB 0x0000000088e00000| Untracked |  0
| 107|0x0000000088f00000, 0x0000000088f00000, 0x0000000089000000|  0%| F|  |TAMS 0x0000000088f00000| PB 0x0000000088f00000| Untracked |  0
| 108|0x0000000089000000, 0x0000000089000000, 0x0000000089100000|  0%| F|  |TAMS 0x0000000089000000| PB 0x0000000089000000| Untracked |  0
| 109|0x0000000089100000, 0x0000000089100000, 0x0000000089200000|  0%| F|  |TAMS 0x0000000089100000| PB 0x0000000089100000| Untracked |  0
| 110|0x0000000089200000, 0x0000000089200000, 0x0000000089300000|  0%| F|  |TAMS 0x0000000089200000| PB 0x0000000089200000| Untracked |  0
| 111|0x0000000089300000, 0x0000000089300000, 0x0000000089400000|  0%| F|  |TAMS 0x0000000089300000| PB 0x0000000089300000| Untracked |  0
| 112|0x0000000089400000, 0x0000000089400000, 0x0000000089500000|  0%| F|  |TAMS 0x0000000089400000| PB 0x0000000089400000| Untracked |  0
| 113|0x0000000089500000, 0x0000000089500000, 0x0000000089600000|  0%| F|  |TAMS 0x0000000089500000| PB 0x0000000089500000| Untracked |  0
| 114|0x0000000089600000, 0x0000000089600000, 0x0000000089700000|  0%| F|  |TAMS 0x0000000089600000| PB 0x0000000089600000| Untracked |  0
| 115|0x0000000089700000, 0x00000000897f5c70, 0x0000000089800000| 96%| E|  |TAMS 0x0000000089700000| PB 0x0000000089700000| Complete |  0
| 116|0x0000000089800000, 0x0000000089900000, 0x0000000089900000|100%| E|CS|TAMS 0x0000000089800000| PB 0x0000000089800000| Complete |  0
| 117|0x0000000089900000, 0x0000000089a00000, 0x0000000089a00000|100%| E|CS|TAMS 0x0000000089900000| PB 0x0000000089900000| Complete |  0
| 118|0x0000000089a00000, 0x0000000089b00000, 0x0000000089b00000|100%| E|CS|TAMS 0x0000000089a00000| PB 0x0000000089a00000| Complete |  0
| 119|0x0000000089b00000, 0x0000000089c00000, 0x0000000089c00000|100%| E|CS|TAMS 0x0000000089b00000| PB 0x0000000089b00000| Complete |  0
| 120|0x0000000089c00000, 0x0000000089d00000, 0x0000000089d00000|100%| E|CS|TAMS 0x0000000089c00000| PB 0x0000000089c00000| Complete |  0
| 121|0x0000000089d00000, 0x0000000089e00000, 0x0000000089e00000|100%| E|CS|TAMS 0x0000000089d00000| PB 0x0000000089d00000| Complete |  0
| 122|0x0000000089e00000, 0x0000000089f00000, 0x0000000089f00000|100%| E|CS|TAMS 0x0000000089e00000| PB 0x0000000089e00000| Complete |  0
| 123|0x0000000089f00000, 0x000000008a000000, 0x000000008a000000|100%| E|CS|TAMS 0x0000000089f00000| PB 0x0000000089f00000| Complete |  0
| 124|0x000000008a000000, 0x000000008a100000, 0x000000008a100000|100%| E|CS|TAMS 0x000000008a000000| PB 0x000000008a000000| Complete |  0
| 125|0x000000008a100000, 0x000000008a200000, 0x000000008a200000|100%| E|CS|TAMS 0x000000008a100000| PB 0x000000008a100000| Complete |  0

Card table byte_map: [0x0000016517700000,0x0000016517af0000] _byte_map_base: 0x00000165172ee000

Marking Bits: (CMBitMap*) 0x000001650bf0fb60
 Bits: [0x0000016517af0000, 0x0000016519a60000)

Polling page: 0x0000016509e00000

Metaspace:

Usage:
  Non-class:      2.63 MB used.
      Class:    352.90 KB used.
       Both:      2.98 MB used.

Virtual space:
  Non-class space:       64.00 MB reserved,       2.69 MB (  4%) committed,  1 nodes.
      Class space:        1.00 GB reserved,     448.00 KB ( <1%) committed,  1 nodes.
             Both:        1.06 GB reserved,       3.12 MB ( <1%) committed. 

Chunk freelists:
   Non-Class:  11.90 MB
       Class:  15.58 MB
        Both:  27.47 MB

MaxMetaspaceSize: unlimited
CompressedClassSpaceSize: 1.00 GB
Initial GC threshold: 21.00 MB
Current GC threshold: 21.00 MB
CDS: on
 - commit_granule_bytes: 65536.
 - commit_granule_words: 8192.
 - virtual_space_node_default_size: 8388608.
 - enlarge_chunks_in_place: 1.
 - use_allocation_guard: 0.


Internal statistics:

num_allocs_failed_limit: 0.
num_arena_births: 92.
num_arena_deaths: 0.
num_vsnodes_births: 2.
num_vsnodes_deaths: 0.
num_space_committed: 50.
num_space_uncommitted: 0.
num_chunks_returned_to_freelist: 0.
num_chunks_taken_from_freelist: 98.
num_chunk_merges: 0.
num_chunk_splits: 69.
num_chunks_enlarged: 42.
num_inconsistent_stats: 0.

CodeCache: size=49152Kb used=3975Kb max_used=3975Kb free=45176Kb
 bounds [0x0000016514200000, 0x00000165145f0000, 0x0000016517200000]
 total_blobs=1264 nmethods=805 adapters=381
 compilation: disabled (not enough contiguous free space left)
              stopped_count=1, restarted_count=0
 full_count=1

Compilation events (20 events):
Event: 0.676 Thread 0x000001651c6636d0 nmethod 788 0x00000165145dc490 code [0x00000165145dc680, 0x00000165145dc9c8]
Event: 0.676 Thread 0x000001651c4b16b0 nmethod 790 0x00000165145dcb90 code [0x00000165145dcd20, 0x00000165145dce38]
Event: 0.676 Thread 0x000001651c850740 nmethod 789 0x00000165145dcf10 code [0x00000165145dd0a0, 0x00000165145dd1b8]
Event: 0.676 Thread 0x000001651c844c20 nmethod 791 0x00000165145dd290 code [0x00000165145dd480, 0x00000165145dd6c0]
Event: 0.676 Thread 0x000001651c844c20  792       1       jdk.jfr.internal.util.Tokenizer::hasNext (42 bytes)
Event: 0.676 Thread 0x000001651c6636d0  793       1       java.util.ArrayList::getLast (25 bytes)
Event: 0.677 Thread 0x000001651c6636d0 nmethod 793 0x00000165145dd810 code [0x00000165145dd9c0, 0x00000165145ddb20]
Event: 0.677 Thread 0x000001651c6636d0  794       1       java.lang.Record::<init> (5 bytes)
Event: 0.677 Thread 0x000001651c6636d0 nmethod 794 0x00000165145ddc10 code [0x00000165145ddda0, 0x00000165145dde68]
Event: 0.677 Thread 0x000001651c6636d0  795       1       jdk.jfr.internal.query.ViewFile$ViewConfiguration::category (5 bytes)
Event: 0.677 Thread 0x000001651c6636d0 nmethod 795 0x00000165145ddf10 code [0x00000165145de0a0, 0x00000165145de168]
Event: 0.677 Thread 0x000001651c844c20 nmethod 792 0x00000165145de210 code [0x00000165145de3e0, 0x00000165145de6a8]
Event: 0.677 Thread 0x000001651c844c20  796       1       java.util.LinkedHashMap::<init> (15 bytes)
Event: 0.678 Thread 0x000001651c844c20 nmethod 796 0x00000165145de910 code [0x00000165145deaa0, 0x00000165145deb78]
Event: 0.678 Thread 0x000001651c844c20  797       1       java.util.ArrayList::grow (60 bytes)
Event: 0.678 Thread 0x000001651c844c20 nmethod 797 0x00000165145dec10 code [0x00000165145dede0, 0x00000165145df0f8]
Event: 0.679 Thread 0x000001651c844c20  799       1       java.util.regex.Pattern::has (15 bytes)
Event: 0.679 Thread 0x000001651c844c20 nmethod 799 0x00000165145df510 code [0x00000165145df6a0, 0x00000165145df780]
Event: 0.679 Thread 0x000001651c844c20  801       1       java.lang.invoke.MethodHandles$Lookup::checkSymbolicClass (25 bytes)
Event: 0.680 Thread 0x000001651c844c20 nmethod 801 0x00000165145e0410 code [0x00000165145e0620, 0x00000165145e09c0]

GC Heap History (0 events):
No events

Dll operation events (11 events):
Event: 0.018 Loaded shared library C:\Program Files\Java\jdk-22\bin\java.dll
Event: 0.223 Loaded shared library C:\Program Files\Java\jdk-22\bin\zip.dll
Event: 0.232 Loaded shared library C:\Program Files\Java\jdk-22\bin\instrument.dll
Event: 0.249 Loaded shared library C:\Program Files\Java\jdk-22\bin\net.dll
Event: 0.252 Loaded shared library C:\Program Files\Java\jdk-22\bin\nio.dll
Event: 0.261 Loaded shared library C:\Program Files\Java\jdk-22\bin\zip.dll
Event: 0.390 Loaded shared library C:\Program Files\Java\jdk-22\bin\jimage.dll
Event: 0.500 Loaded shared library C:\Program Files\JetBrains\IntelliJ IDEA 2024.2\bin\breakgen64.dll
Event: 0.515 Loaded shared library C:\Program Files\Java\jdk-22\bin\extnet.dll
Event: 0.529 Loaded shared library C:\Program Files\Java\jdk-22\bin\management.dll
Event: 0.552 Loaded shared library C:\Program Files\Java\jdk-22\bin\management_ext.dll

Deoptimization events (0 events):
No events

Classes loaded (20 events):
Event: 0.684 Loading class jdk/jfr/internal/SecuritySupport$Privileged done
Event: 0.684 Loading class jdk/jfr/internal/consumer/FileAccess$UnPrivileged
Event: 0.684 Loading class jdk/jfr/internal/consumer/FileAccess$UnPrivileged done
Event: 0.684 Loading class java/nio/file/DirectoryStream
Event: 0.684 Loading class java/nio/file/DirectoryStream done
Event: 0.684 Loading class jdk/jfr/internal/SecuritySupport$1
Event: 0.684 Loading class jdk/jfr/internal/SecuritySupport$1 done
Event: 0.684 Loading class sun/nio/fs/Globs
Event: 0.685 Loading class sun/nio/fs/Globs done
Event: 0.685 Loading class java/util/regex/Pattern$SliceU
Event: 0.685 Loading class java/util/regex/Pattern$SliceU done
Event: 0.685 Loading class sun/nio/fs/WindowsFileSystem$2
Event: 0.685 Loading class java/nio/file/PathMatcher
Event: 0.685 Loading class java/nio/file/PathMatcher done
Event: 0.685 Loading class sun/nio/fs/WindowsFileSystem$2 done
Event: 0.685 Loading class java/nio/file/Files$1
Event: 0.685 Loading class java/nio/file/DirectoryStream$Filter
Event: 0.685 Loading class java/nio/file/DirectoryStream$Filter done
Event: 0.685 Loading class java/nio/file/Files$1 done
Event: 0.685 Loading class sun/nio/fs/WindowsDirectoryStream

Classes unloaded (0 events):
No events

Classes redefined (0 events):
No events

Internal exceptions (8 events):
Event: 0.487 Thread 0x0000016509cccff0 Exception <a 'java/lang/NoSuchMethodError'{0x0000000089aaeb40}: 'void java.lang.invoke.DirectMethodHandle$Holder.invokeStatic(java.lang.Object, java.lang.Object, java.lang.Object)'> (0x0000000089aaeb40) 
thrown [s\open\src\hotspot\share\interpreter\linkResolver.cpp, line 774]
Event: 0.494 Thread 0x0000016509cccff0 Exception <a 'java/lang/NoSuchMethodError'{0x0000000089ac65d8}: 'java.lang.Object java.lang.invoke.Invokers$Holder.invokeExact_MT(java.lang.Object, java.lang.Object, java.lang.Object, java.lang.Object, java.lang.Object)'> (0x0000000089ac65d8) 
thrown [s\open\src\hotspot\share\interpreter\linkResolver.cpp, line 774]
Event: 0.497 Thread 0x000001651c49c880 Exception <a 'java/lang/NoSuchMethodError'{0x0000000089910040}: 'java.lang.Object java.lang.invoke.Invokers$Holder.invokeExact_MT(java.lang.Object, java.lang.Object, java.lang.Object, java.lang.Object, java.lang.Object, java.lang.Object)'> (0x0000000089910040) 
thrown [s\open\src\hotspot\share\interpreter\linkResolver.cpp, line 774]
Event: 0.517 Thread 0x000001651c4abc70 Exception <a 'java/lang/NoSuchMethodError'{0x0000000089983128}: 'void java.lang.invoke.DirectMethodHandle$Holder.invokeStatic(java.lang.Object, java.lang.Object)'> (0x0000000089983128) 
thrown [s\open\src\hotspot\share\interpreter\linkResolver.cpp, line 774]
Event: 0.558 Thread 0x000001651c49c880 Exception <a 'java/lang/NoSuchMethodError'{0x00000000899416b8}: 'int java.lang.invoke.DirectMethodHandle$Holder.invokeInterface(java.lang.Object, java.lang.Object)'> (0x00000000899416b8) 
thrown [s\open\src\hotspot\share\interpreter\linkResolver.cpp, line 774]
Event: 0.558 Thread 0x000001651c49c880 Exception <a 'java/lang/IncompatibleClassChangeError'{0x00000000899448c8}: Found class java.lang.Object, but interface was expected> (0x00000000899448c8) 
thrown [s\open\src\hotspot\share\interpreter\linkResolver.cpp, line 841]
Event: 0.638 Thread 0x000001651c49c880 Exception <a 'java/lang/NoSuchMethodError'{0x00000000898924f8}: 'int java.lang.invoke.DirectMethodHandle$Holder.invokeSpecial(java.lang.Object, java.lang.Object, java.lang.Object)'> (0x00000000898924f8) 
thrown [s\open\src\hotspot\share\interpreter\linkResolver.cpp, line 774]
Event: 0.682 Thread 0x000001651c49c880 Exception <a 'java/lang/NoSuchMethodError'{0x00000000897e3b80}: 'java.lang.Object java.lang.invoke.DirectMethodHandle$Holder.invokeStaticInit(java.lang.Object, java.lang.Object, java.lang.Object)'> (0x00000000897e3b80) 
thrown [s\open\src\hotspot\share\interpreter\linkResolver.cpp, line 774]

ZGC Phase Switch (0 events):
No events

VM Operations (6 events):
Event: 0.198 Executing VM operation: HandshakeAllThreads (Deoptimize)
Event: 0.198 Executing VM operation: HandshakeAllThreads (Deoptimize) done
Event: 0.405 Executing VM operation: HandshakeAllThreads (Deoptimize)
Event: 0.405 Executing VM operation: HandshakeAllThreads (Deoptimize) done
Event: 0.542 Executing VM operation: HandshakeAllThreads (Deoptimize)
Event: 0.542 Executing VM operation: HandshakeAllThreads (Deoptimize) done

Memory protections (0 events):
No events

Nmethod flushes (0 events):
No events

Events (14 events):
Event: 0.064 Thread 0x0000016509cccff0 Thread added: 0x0000016509cccff0
Event: 0.088 Thread 0x0000016509cccff0 Thread added: 0x000001651c48f940
Event: 0.088 Thread 0x0000016509cccff0 Thread added: 0x000001651c490860
Event: 0.089 Thread 0x0000016509cccff0 Thread added: 0x000001651c49bcc0
Event: 0.089 Thread 0x0000016509cccff0 Thread added: 0x000001651c49c880
Event: 0.089 Thread 0x0000016509cccff0 Thread added: 0x000001651c4a0fb0
Event: 0.089 Thread 0x0000016509cccff0 Thread added: 0x000001651c4aa230
Event: 0.090 Thread 0x0000016509cccff0 Thread added: 0x000001651c4b16b0
Event: 0.189 Thread 0x0000016509cccff0 Thread added: 0x000001651c4ab5e0
Event: 0.198 Thread 0x000001651c4b16b0 Thread added: 0x000001651c6636d0
Event: 0.371 Thread 0x000001651c4b16b0 Thread added: 0x000001651c844c20
Event: 0.374 Thread 0x000001651c844c20 Thread added: 0x000001651c850740
Event: 0.502 Thread 0x0000016509cccff0 Thread added: 0x000001651c4abc70
Event: 0.502 Thread 0x0000016509cccff0 Thread added: 0x000001651c4ac300


Dynamic libraries:
0x00007ff6e1910000 - 0x00007ff6e1920000 	C:\Program Files\Java\jdk-22\bin\java.exe
0x00007ff961a70000 - 0x00007ff961c87000 	C:\WINDOWS\SYSTEM32\ntdll.dll
0x00007ff960490000 - 0x00007ff960554000 	C:\WINDOWS\System32\KERNEL32.DLL
0x00007ff95efd0000 - 0x00007ff95f37d000 	C:\WINDOWS\System32\KERNELBASE.dll
0x00007ff95f4b0000 - 0x00007ff95f5c1000 	C:\WINDOWS\System32\ucrtbase.dll
0x00007ff95a3a0000 - 0x00007ff95a3b7000 	C:\Program Files\Java\jdk-22\bin\jli.dll
0x00007ff95a0e0000 - 0x00007ff95a0fb000 	C:\Program Files\Java\jdk-22\bin\VCRUNTIME140.dll
0x00007ff961370000 - 0x00007ff96151e000 	C:\WINDOWS\System32\USER32.dll
0x00007ff95ed90000 - 0x00007ff95edb6000 	C:\WINDOWS\System32\win32u.dll
0x00007ff948c50000 - 0x00007ff948ee3000 	C:\WINDOWS\WinSxS\amd64_microsoft.windows.common-controls_6595b64144ccf1df_6.0.22621.3672_none_2713b9d173822955\COMCTL32.dll
0x00007ff95f850000 - 0x00007ff95f8f7000 	C:\WINDOWS\System32\msvcrt.dll
0x00007ff9619a0000 - 0x00007ff9619c9000 	C:\WINDOWS\System32\GDI32.dll
0x00007ff95f5d0000 - 0x00007ff95f6e9000 	C:\WINDOWS\System32\gdi32full.dll
0x00007ff95edc0000 - 0x00007ff95ee5a000 	C:\WINDOWS\System32\msvcp_win.dll
0x00007ff9602e0000 - 0x00007ff960311000 	C:\WINDOWS\System32\IMM32.DLL
0x00007ff95ad20000 - 0x00007ff95ad2c000 	C:\Program Files\Java\jdk-22\bin\vcruntime140_1.dll
0x00007ff955510000 - 0x00007ff95559e000 	C:\Program Files\Java\jdk-22\bin\msvcp140.dll
0x00007ff9036f0000 - 0x00007ff904439000 	C:\Program Files\Java\jdk-22\bin\server\jvm.dll
0x00007ff9610a0000 - 0x00007ff961152000 	C:\WINDOWS\System32\ADVAPI32.dll
0x00007ff960230000 - 0x00007ff9602d9000 	C:\WINDOWS\System32\sechost.dll
0x00007ff95f6f0000 - 0x00007ff95f718000 	C:\WINDOWS\System32\bcrypt.dll
0x00007ff95fa00000 - 0x00007ff95fb14000 	C:\WINDOWS\System32\RPCRT4.dll
0x00007ff960f40000 - 0x00007ff960fb1000 	C:\WINDOWS\System32\WS2_32.dll
0x00007ff95ec50000 - 0x00007ff95ec9d000 	C:\WINDOWS\SYSTEM32\POWRPROF.dll
0x00007ff9594f0000 - 0x00007ff959524000 	C:\WINDOWS\SYSTEM32\WINMM.dll
0x00007ff9567d0000 - 0x00007ff9567da000 	C:\WINDOWS\SYSTEM32\VERSION.dll
0x00007ff95ec30000 - 0x00007ff95ec43000 	C:\WINDOWS\SYSTEM32\UMPDC.dll
0x00007ff95ddc0000 - 0x00007ff95ddd8000 	C:\WINDOWS\SYSTEM32\kernel.appcore.dll
0x00007ff95ac70000 - 0x00007ff95ac7a000 	C:\Program Files\Java\jdk-22\bin\jimage.dll
0x00007ff95c6c0000 - 0x00007ff95c8f2000 	C:\WINDOWS\SYSTEM32\DBGHELP.DLL
0x00007ff95fce0000 - 0x00007ff96006d000 	C:\WINDOWS\System32\combase.dll
0x00007ff960140000 - 0x00007ff960217000 	C:\WINDOWS\System32\OLEAUT32.dll
0x00007ff956af0000 - 0x00007ff956b22000 	C:\WINDOWS\SYSTEM32\dbgcore.DLL
0x00007ff95f720000 - 0x00007ff95f79b000 	C:\WINDOWS\System32\bcryptPrimitives.dll
0x00007ff95a820000 - 0x00007ff95a82f000 	C:\Program Files\Java\jdk-22\bin\instrument.dll
0x00007ff9561e0000 - 0x00007ff9561fe000 	C:\Program Files\Java\jdk-22\bin\java.dll
0x00007ff9606c0000 - 0x00007ff960f28000 	C:\WINDOWS\System32\SHELL32.dll
0x00007ff961160000 - 0x00007ff961305000 	C:\WINDOWS\System32\ole32.dll
0x00007ff95cce0000 - 0x00007ff95d5de000 	C:\WINDOWS\SYSTEM32\windows.storage.dll
0x00007ff95cba0000 - 0x00007ff95ccdf000 	C:\WINDOWS\SYSTEM32\wintypes.dll
0x00007ff95f900000 - 0x00007ff95f9f9000 	C:\WINDOWS\System32\SHCORE.dll
0x00007ff961310000 - 0x00007ff96136e000 	C:\WINDOWS\System32\shlwapi.dll
0x00007ff95ecc0000 - 0x00007ff95ece1000 	C:\WINDOWS\SYSTEM32\profapi.dll
0x00007ff9549e0000 - 0x00007ff9549f7000 	C:\Program Files\Java\jdk-22\bin\zip.dll
0x00007ff95a790000 - 0x00007ff95a7a0000 	C:\Program Files\Java\jdk-22\bin\net.dll
0x00007ff95e230000 - 0x00007ff95e299000 	C:\WINDOWS\system32\mswsock.dll
0x00007ff954a20000 - 0x00007ff954a36000 	C:\Program Files\Java\jdk-22\bin\nio.dll
0x00007ff9549c0000 - 0x00007ff9549da000 	C:\Program Files\JetBrains\IntelliJ IDEA 2024.2\bin\breakgen64.dll
0x00007ff95d8b0000 - 0x00007ff95d9a8000 	C:\WINDOWS\SYSTEM32\DNSAPI.dll
0x00007ff95d840000 - 0x00007ff95d86d000 	C:\WINDOWS\SYSTEM32\IPHLPAPI.DLL
0x00007ff960130000 - 0x00007ff960139000 	C:\WINDOWS\System32\NSI.dll
0x00007ff95a760000 - 0x00007ff95a769000 	C:\Program Files\Java\jdk-22\bin\extnet.dll
0x00007ff94fe50000 - 0x00007ff94fe5a000 	C:\Windows\System32\rasadhlp.dll
0x00007ff9568f0000 - 0x00007ff956973000 	C:\WINDOWS\System32\fwpuclnt.dll
0x00007ff95a1b0000 - 0x00007ff95a1ba000 	C:\Program Files\Java\jdk-22\bin\management.dll
0x00007ff9592b0000 - 0x00007ff9592bb000 	C:\Program Files\Java\jdk-22\bin\management_ext.dll
0x00007ff960f30000 - 0x00007ff960f38000 	C:\WINDOWS\System32\PSAPI.DLL

dbghelp: loaded successfully - version: 4.0.5 - missing functions: none
symbol engine: initialized successfully - sym options: 0x614 - pdb path: .;C:\Program Files\Java\jdk-22\bin;C:\WINDOWS\SYSTEM32;C:\WINDOWS\WinSxS\amd64_microsoft.windows.common-controls_6595b64144ccf1df_6.0.22621.3672_none_2713b9d173822955;C:\Program Files\Java\jdk-22\bin\server;C:\Program Files\JetBrains\IntelliJ IDEA 2024.2\bin

VM Arguments:
jvm_args: -XX:TieredStopAtLevel=1 -Dspring.output.ansi.enabled=always -Dcom.sun.management.jmxremote -Dspring.jmx.enabled=true -Dspring.liveBeansView.mbeanDomain -Dspring.application.admin.enabled=true -Dmanagement.endpoints.jmx.exposure.include=* -javaagent:C:\Program Files\JetBrains\IntelliJ IDEA 2024.2\lib\idea_rt.jar=64301:C:\Program Files\JetBrains\IntelliJ IDEA 2024.2\bin -Dfile.encoding=UTF-8 -Dsun.stdout.encoding=UTF-8 -Dsun.stderr.encoding=UTF-8 
java_command: com.jn.bktravels.BkTravelsApplication
java_class_path (initial): C:\Users\JN\IdeaProjects\BKTravels\target\classes;C:\Users\JN\.m2\repository\org\springframework\boot\spring-boot-starter-data-jpa\3.3.3\spring-boot-starter-data-jpa-3.3.3.jar;C:\Users\JN\.m2\repository\org\springframework\boot\spring-boot-starter-aop\3.3.3\spring-boot-starter-aop-3.3.3.jar;C:\Users\JN\.m2\repository\org\aspectj\aspectjweaver\1.9.22.1\aspectjweaver-1.9.22.1.jar;C:\Users\JN\.m2\repository\org\springframework\boot\spring-boot-starter-jdbc\3.3.3\spring-boot-starter-jdbc-3.3.3.jar;C:\Users\JN\.m2\repository\com\zaxxer\HikariCP\5.1.0\HikariCP-5.1.0.jar;C:\Users\JN\.m2\repository\org\springframework\spring-jdbc\6.1.12\spring-jdbc-6.1.12.jar;C:\Users\JN\.m2\repository\org\hibernate\orm\hibernate-core\6.5.2.Final\hibernate-core-6.5.2.Final.jar;C:\Users\JN\.m2\repository\jakarta\persistence\jakarta.persistence-api\3.1.0\jakarta.persistence-api-3.1.0.jar;C:\Users\JN\.m2\repository\jakarta\transaction\jakarta.transaction-api\2.0.1\jakarta.transaction-api-2.0.1.jar;C:\Users\JN\.m2\repository\org\jboss\logging\jboss-logging\3.5.3.Final\jboss-logging-3.5.3.Final.jar;C:\Users\JN\.m2\repository\org\hibernate\common\hibernate-commons-annotations\6.0.6.Final\hibernate-commons-annotations-6.0.6.Final.jar;C:\Users\JN\.m2\repository\io\smallrye\jandex\3.1.2\jandex-3.1.2.jar;C:\Users\JN\.m2\repository\com\fasterxml\classmate\1.7.0\classmate-1.7.0.jar;C:\Users\JN\.m2\repository\net\bytebuddy\byte-buddy\1.14.19\byte-buddy-1.14.19.jar;C:\Users\JN\.m2\repository\org\glassfish\jaxb\jaxb-runtime\4.0.5\jaxb-runtime-4.0.5.jar;C:\Users\JN\.m2\repository\org\glassfish\jaxb\jaxb-core\4.0.5\jaxb-core-4.0.5.jar;C:\Users\JN\.m2\repository\org\eclipse\angus\angus-activation\2.0.2\angus-activation-2.0.2.jar;C:\Users\JN\.m2\repository\org\glassfish\jaxb\txw2\4.0.5\txw2-4.0.5.jar;C:\Users\JN\.m2\repository\com\sun\istack\istack-commons-runtime\4.1.2\istack-commons-runtime-4.1.2.jar;C:\Users\JN\.m2\repository\jakarta\inject\jakarta.inject-api\2.0.1\jakarta.inject-api-2.0.1.jar;C:\Users\JN\.m2\repository\org\antlr\antlr4-runtime\4.13.0\antlr4-runtime-4.13.0.jar;C:\Users\JN\.m2\repository\org\springframework\data\spring-data-jpa\3.3.3\spring-data-jpa-3.3.3.jar;C:\Users\JN\.m2\repository\org\springframework\data\spring-data-commons\3.3.3\spring-data-commons-3.3.3.jar;C:\Users\JN\.m2\repository\org\springframework\spring-orm\6.1.12\spring-orm-6.1.12.jar;C:\Users\JN\.m2\repository\org\springframework\spring-tx\6.1.12\spring-tx-6.1.12.jar;C:\Users\JN\.m2\repository\jakarta\annotation\jakarta.annotation-api\2.1.1\jakarta.annotation-api-2.1.1.jar;C:\Users\JN\.m2\repository\org\slf4j\slf4j-api\2.0.16\slf4j-api-2.0.16.jar;C:\Users\JN\.m2\repository\org\springframework\spring-aspects\6.1.12\spring-aspects-6.1.12.jar;C:\Users\JN\.m2\repository\org\springframework\boot\spring-boot-starter-validation\3.3.3\spring-boot-starter-validation-3.3.3.jar;C:\Users\JN\.m2\repository\org\springframework\boot\spring-boot-starter\3.3.3\spring-boot-starter-3.3.3.jar;C:\Users\JN\.m2\repository\org\springframework\boot\spring-boot\3.3.3\spring-boot-3.3.3.jar;C:\Users\JN\.m2\repository\org\springframework\boot\spring-boot-autoconfigure\3.3.3\spring-boot-autoconfigure-3.3.3.jar;C:\Users\JN\.m2\repository\org\springframework\boot\spring-boot-starter-logging\3.3.3\spring-boot-starter-logging-3.3.3.jar;C:\Users\JN\.m2\repository\ch\qos\logback\logback-classic\1.5.7\logback-classic-1.5.7.jar;C:\Users\JN\.m2\repository\ch\qos\logback\logback-core\1.5.7\logback-core-1.5.7.jar;C:\Users\JN\.m2\repository\org\apache\logging\log4j\log4j-to-slf4j\2.23.1\log4j-to-slf4j-2.23.1.jar;C:\Users\JN\.m2\repository\org\apache\logging\log4j\log4j-api\2.23.1\log4j-api-2.23.1.jar;C:\Users\JN\.m2\repository\org\slf4j\jul-to-slf4j\2.0.16\jul-to-slf4j-2.0.16.jar;C:\Users\JN\.m2\repository\org\yaml\snakeyaml\2.2\snakeyaml-2.2.jar;C:\Users\JN\.m2\repository\org\apache\tomcat\embed\tomcat-embed-el\10.1.28\tomcat-embed-el-10.1.28.jar;C:\Users\JN\.m2\repository\org\hibernate\validator\hibernate-validator\8.0.1.Final\hibernate-validator-8.0.1.Final.jar;C:\Users\JN\.m2\repository\jakarta\validation\jakarta.validation-api\3.0.2\jakarta.validation-api-3.0.2.jar;C:\Users\JN\.m2\repository\org\springframework\boot\spring-boot-starter-web\3.3.3\spring-boot-starter-web-3.3.3.jar;C:\Users\JN\.m2\repository\org\springframework\boot\spring-boot-starter-json\3.3.3\spring-boot-starter-json-3.3.3.jar;C:\Users\JN\.m2\repository\com\fasterxml\jackson\core\jackson-databind\2.17.2\jackson-databind-2.17.2.jar;C:\Users\JN\.m2\repository\com\fasterxml\jackson\core\jackson-annotations\2.17.2\jackson-annotations-2.17.2.jar;C:\Users\JN\.m2\repository\com\fasterxml\jackson\datatype\jackson-datatype-jdk8\2.17.2\jackson-datatype-jdk8-2.17.2.jar;C:\Users\JN\.m2\repository\com\fasterxml\jackson\datatype\jackson-datatype-jsr310\2.17.2\jackson-datatype-jsr310-2.17.2.jar;C:\Users\JN\.m2\repository\com\fasterxml\jackson\module\jackson-module-parameter-names\2.17.2\jackson-module-parameter-names-2.17.2.jar;C:\Users\JN\.m2\repository\org\springframework\boot\spring-boot-starter-tomcat\3.3.3\spring-boot-starter-tomcat-3.3.3.jar;C:\Users\JN\.m2\repository\org\apache\tomcat\embed\tomcat-embed-core\10.1.28\tomcat-embed-core-10.1.28.jar;C:\Users\JN\.m2\repository\org\apache\tomcat\embed\tomcat-embed-websocket\10.1.28\tomcat-embed-websocket-10.1.28.jar;C:\Users\JN\.m2\repository\org\springframework\spring-web\6.1.12\spring-web-6.1.12.jar;C:\Users\JN\.m2\repository\org\springframework\spring-webmvc\6.1.12\spring-webmvc-6.1.12.jar;C:\Users\JN\.m2\repository\com\fasterxml\jackson\core\jackson-core\2.17.1\jackson-core-2.17.1.jar;C:\Users\JN\.m2\repository\com\mysql\mysql-connector-j\8.3.0\mysql-connector-j-8.3.0.jar;C:\Users\JN\.m2\repository\org\projectlombok\lombok\1.18.34\lombok-1.18.34.jar;C:\Users\JN\.m2\repository\jakarta\xml\bind\jakarta.xml.bind-api\4.0.2\jakarta.xml.bind-api-4.0.2.jar;C:\Users\JN\.m2\repository\jakarta\activation\jakarta.activation-api\2.1.3\jakarta.activation-api-2.1.3.jar;C:\Users\JN\.m2\repository\org\springframework\spring-core\6.1.12\spring-core-6.1.12.jar;C:\Users\JN\.m2\repository\org\springframework\spring-jcl\6.1.12\spring-jcl-6.1.12.jar;C:\Users\JN\.m2\repository\org\springframework\security\spring-security-core\6.1.2\spring-security-core-6.1.2.jar;C:\Users\JN\.m2\repository\org\springframework\security\spring-security-crypto\6.3.3\spring-security-crypto-6.3.3.jar;C:\Users\JN\.m2\repository\org\springframework\spring-aop\6.1.12\spring-aop-6.1.12.jar;C:\Users\JN\.m2\repository\org\springframework\spring-beans\6.1.12\spring-beans-6.1.12.jar;C:\Users\JN\.m2\repository\org\springframework\spring-context\6.1.12\spring-context-6.1.12.jar;C:\Users\JN\.m2\repository\org\springframework\spring-expression\6.1.12\spring-expression-6.1.12.jar;C:\Users\JN\.m2\repository\io\micrometer\micrometer-observation\1.13.3\micrometer-observation-1.13.3.jar;C:\Users\JN\.m2\repository\io\micrometer\micrometer-commons\1.13.3\micrometer-commons-1.13.3.jar
Launcher Type: SUN_STANDARD

[Global flags]
     intx CICompilerCount                          = 4                                         {product} {ergonomic}
     uint ConcGCThreads                            = 2                                         {product} {ergonomic}
     uint G1ConcRefinementThreads                  = 8                                         {product} {ergonomic}
   size_t G1HeapRegionSize                         = 1048576                                   {product} {ergonomic}
   size_t InitialHeapSize                          = 132120576                                 {product} {ergonomic}
     bool ManagementServer                         = true                                      {product} {command line}
   size_t MarkStackSize                            = 4194304                                   {product} {ergonomic}
   size_t MaxHeapSize                              = 2109734912                                {product} {ergonomic}
   size_t MaxNewSize                               = 1265631232                                {product} {ergonomic}
   size_t MinHeapDeltaBytes                        = 1048576                                   {product} {ergonomic}
   size_t MinHeapSize                              = 8388608                                   {product} {ergonomic}
    uintx NonNMethodCodeHeapSize                   = 4096                                   {pd product} {ergonomic}
    uintx NonProfiledCodeHeapSize                  = 0                                      {pd product} {ergonomic}
     bool ProfileInterpreter                       = false                                  {pd product} {command line}
    uintx ProfiledCodeHeapSize                     = 0                                      {pd product} {ergonomic}
   size_t SoftMaxHeapSize                          = 2109734912                             {manageable} {ergonomic}
     intx TieredStopAtLevel                        = 1                                         {product} {command line}
     bool UseCompressedOops                        = true                           {product lp64_product} {ergonomic}
     bool UseG1GC                                  = true                                      {product} {ergonomic}
     bool UseLargePagesIndividualAllocation        = false                                  {pd product} {ergonomic}

Logging:
Log output configuration:
 #0: stdout all=warning uptime,level,tags foldmultilines=false
 #1: stderr all=off uptime,level,tags foldmultilines=false

Environment Variables:
PATH=C:\Program Files\Common Files\Oracle\Java\javapath;C:\WINDOWS\system32;C:\WINDOWS;C:\WINDOWS\System32\Wbem;C:\WINDOWS\System32\WindowsPowerShell\v1.0\;C:\WINDOWS\System32\OpenSSH\;C:\Program Files\Git\cmd;C:\Program Files\Microsoft SQL Server\150\Tools\Binn\;C:\Program Files\Microsoft SQL Server\Client SDK\ODBC\170\Tools\Binn\;C:\Program Files\dotnet\;C:\Users\JN\AppData\Local\Microsoft\WindowsApps;;C:\Program Files\JetBrains\IntelliJ IDEA 2024.2\bin;;C:\Program Files\JetBrains\DataGrip 2024.2.1\bin;;C:\Users\JN\AppData\Local\Programs\Microsoft VS Code\bin;C:\Users\JN\.dotnet\tools
USERNAME=JN
OS=Windows_NT
PROCESSOR_IDENTIFIER=Intel64 Family 6 Model 142 Stepping 11, GenuineIntel
TMP=C:\Users\JN\AppData\Local\Temp
TEMP=C:\Users\JN\AppData\Local\Temp




Periodic native trim disabled

---------------  S Y S T E M  ---------------

OS:
 Windows 11 , 64 bit Build 22621 (10.0.22621.3958)
OS uptime: 6 days 7:22 hours

CPU: total 8 (initial active 8) (4 cores per cpu, 2 threads per core) family 6 model 142 stepping 11 microcode 0xde, cx8, cmov, fxsr, ht, mmx, 3dnowpref, sse, sse2, sse3, ssse3, sse4.1, sse4.2, popcnt, lzcnt, tsc, tscinvbit, avx, avx2, aes, erms, clmul, bmi1, bmi2, adx, fma, vzeroupper, clflush, clflushopt, rdtscp, f16c
Processor Information for all 8 processors :
  Max Mhz: 1800, Current Mhz: 1600, Mhz Limit: 1584

Memory: 4k page, system-wide physical 8043M (503M free)
TotalPageFile size 13043M (AvailPageFile size 12M)
current process WorkingSet (physical memory assigned to process): 53M, peak: 53M
current process commit charge ("private bytes"): 211M, peak: 211M

vm_info: Java HotSpot(TM) 64-Bit Server VM (22.0.2+9-70) for windows-amd64 JRE (22.0.2+9-70), built on 2024-06-04T16:52:23Z by "mach5one" with MS VC++ 17.6 (VS2022)

END.
